<?xml version="1.0" encoding="UTF-8" ?>
<testsuite failures="0" time="0.004" errors="0" skipped="0" tests="1" name="org.AgentSystem.biz.AppTest">
  <properties>
    <property name="java.runtime.name" value="Java(TM) SE Runtime Environment"/>
    <property name="sun.boot.library.path" value="F:\jdk1.7\jre\bin"/>
    <property name="java.vm.version" value="24.79-b02"/>
    <property name="java.vm.vendor" value="Oracle Corporation"/>
    <property name="maven.multiModuleProjectDirectory" value="F:\AgentSystem-MavenTEST\AgentSystem"/>
    <property name="java.vendor.url" value="http://java.oracle.com/"/>
    <property name="path.separator" value=";"/>
    <property name="guice.disable.misplaced.annotation.check" value="true"/>
    <property name="java.vm.name" value="Java HotSpot(TM) Client VM"/>
    <property name="file.encoding.pkg" value="sun.io"/>
    <property name="user.script" value=""/>
    <property name="user.country" value="CN"/>
    <property name="sun.java.launcher" value="SUN_STANDARD"/>
    <property name="sun.os.patch.level" value=""/>
    <property name="java.vm.specification.name" value="Java Virtual Machine Specification"/>
    <property name="user.dir" value="F:\AgentSystem-MavenTEST\AgentSystem"/>
    <property name="java.runtime.version" value="1.7.0_79-b15"/>
    <property name="java.awt.graphicsenv" value="sun.awt.Win32GraphicsEnvironment"/>
    <property name="java.endorsed.dirs" value="F:\jdk1.7\jre\lib\endorsed"/>
    <property name="os.arch" value="x86"/>
    <property name="java.io.tmpdir" value="C:\Users\gdglcf\AppData\Local\Temp\"/>
    <property name="line.separator" value="
"/>
    <property name="java.vm.specification.vendor" value="Oracle Corporation"/>
    <property name="user.variant" value=""/>
    <property name="os.name" value="Windows 8.1"/>
    <property name="classworlds.conf" value="F:\AgentSystem-MavenTEST\.metadata\.plugins\org.eclipse.m2e.launching\launches\m2conf1860260179281719426.tmp"/>
    <property name="sun.jnu.encoding" value="GBK"/>
    <property name="java.library.path" value="F:\jdk1.7\bin;C:\Windows\Sun\Java\bin;C:\Windows\system32;C:\Windows;F:/83t10eclipse_exe/bin/server;F:/83t10eclipse_exe/bin;F:/83t10eclipse_exe/lib/amd64;F:\app\gdglcf\product\11.2.0\dbhome_1\bin;C:\ProgramData\Oracle\Java\javapath;C:\Windows\system32;C:\Windows;C:\Windows\System32\Wbem;%JAVA_HOME%\bin;F:\hadoop/binC:\Windows\System32\WindowsPowerShell\v1.0\;C:\Program Files (x86)\Windows Kits\8.1\Windows Performance Toolkit\;C:\Program Files\Microsoft SQL Server\110\Tools\Binn\;c:\Program Files (x86)\Microsoft SQL Server\100\Tools\Binn\;%CATALINA_HOME%\lib;c:\Program Files\Microsoft SQL Server\100\Tools\Binn\;c:\Program Files\Microsoft SQL Server\100\DTS\Binn\;c:\Program Files (x86)\Microsoft SQL Server\110\Tools\Binn\ManagementStudio\;c:\Program Files (x86)\Microsoft SQL Server\110\Tools\Binn\;%M2_HOME%\bin;c:\Program Files (x86)\Microsoft SQL Server\110\DTS\Binn\;C:\Program Files (x86)\ATI Technologies\ATI.ACE\Core-Static;F:\app\gdglcf\product\11.2.0\dbhome_1\BIN;F:\app\gdglcf\product\instantclient_11_2;F:\GIT2.8\Git\cmd;E:\mysql\mysql-5.6.24-winx64\bin;C:\Users\gdglcf\Desktop\eclipse (1);;."/>
    <property name="java.specification.name" value="Java Platform API Specification"/>
    <property name="java.class.version" value="51.0"/>
    <property name="sun.management.compiler" value="HotSpot Client Compiler"/>
    <property name="os.version" value="6.3"/>
    <property name="user.home" value="C:\Users\gdglcf"/>
    <property name="user.timezone" value="Asia/Shanghai"/>
    <property name="java.awt.printerjob" value="sun.awt.windows.WPrinterJob"/>
    <property name="java.specification.version" value="1.7"/>
    <property name="file.encoding" value="GBK"/>
    <property name="user.name" value="gdglcf"/>
    <property name="java.class.path" value="/C:/Users/gdglcf/Desktop/eclipse (1)/plugins/org.eclipse.m2e.maven.runtime_1.7.0.20160603-1931/jars/plexus-classworlds-2.5.2.jar"/>
    <property name="java.vm.specification.version" value="1.7"/>
    <property name="sun.arch.data.model" value="32"/>
    <property name="java.home" value="F:\jdk1.7\jre"/>
    <property name="sun.java.command" value="org.codehaus.plexus.classworlds.launcher.Launcher -B -s F:\maven\maven8\maven\settings.xml install"/>
    <property name="java.specification.vendor" value="Oracle Corporation"/>
    <property name="user.language" value="zh"/>
    <property name="awt.toolkit" value="sun.awt.windows.WToolkit"/>
    <property name="java.vm.info" value="mixed mode, sharing"/>
    <property name="java.version" value="1.7.0_79"/>
    <property name="java.ext.dirs" value="F:\jdk1.7\jre\lib\ext;C:\Windows\Sun\Java\lib\ext"/>
    <property name="sun.boot.class.path" value="F:\jdk1.7\jre\lib\resources.jar;F:\jdk1.7\jre\lib\rt.jar;F:\jdk1.7\jre\lib\sunrsasign.jar;F:\jdk1.7\jre\lib\jsse.jar;F:\jdk1.7\jre\lib\jce.jar;F:\jdk1.7\jre\lib\charsets.jar;F:\jdk1.7\jre\lib\jfr.jar;F:\jdk1.7\jre\classes"/>
    <property name="java.vendor" value="Oracle Corporation"/>
    <property name="maven.home" value="F:\AgentSystem-MavenTEST\AgentSystem\EMBEDDED"/>
    <property name="file.separator" value="\"/>
    <property name="java.vendor.url.bug" value="http://bugreport.sun.com/bugreport/"/>
    <property name="sun.cpu.endian" value="little"/>
    <property name="sun.io.unicode.encoding" value="UnicodeLittle"/>
    <property name="sun.desktop" value="windows"/>
    <property name="sun.cpu.isalist" value="pentium_pro+mmx pentium_pro pentium+mmx pentium i486 i386 i86"/>
  </properties>
  <testcase time="0.004" classname="org.AgentSystem.biz.AppTest" name="testApp"/>
</testsuite>